F:\домашнее задание 5\DEBUG\домашнее задание 5.ILK
F:\домашнее задание 5\DEBUG\домашнее задание 5.EXE
F:\ДОМАШНЕЕ ЗАДАНИЕ 5\DEBUG\ДОМАШНЕЕ ЗАДАНИЕ 5.PDB
F:\домашнее задание 5\домашнее задание 5\DEBUG\домашнее задание 5.PCH
F:\домашнее задание 5\домашнее задание 5\DEBUG\STDAFX.OBJ
F:\ДОМАШНЕЕ ЗАДАНИЕ 5\ДОМАШНЕЕ ЗАДАНИЕ 5\DEBUG\VC110.PDB
F:\домашнее задание 5\домашнее задание 5\DEBUG\FRACTIONS.OBJ
F:\домашнее задание 5\домашнее задание 5\Debug\домашнее задание 5.obj
F:\домашнее задание 5\домашнее задание 5\Debug\stdafx.obj
F:\домашнее задание 5\домашнее задание 5\Debug\cl.command.1.tlog
F:\домашнее задание 5\домашнее задание 5\Debug\link-cvtres.read.1.tlog
F:\домашнее задание 5\домашнее задание 5\Debug\link-cvtres.write.1.tlog
F:\домашнее задание 5\домашнее задание 5\Debug\link-rc.read.1.tlog
F:\домашнее задание 5\домашнее задание 5\Debug\link-rc.write.1.tlog
F:\домашнее задание 5\домашнее задание 5\Debug\link.command.1.tlog
F:\домашнее задание 5\домашнее задание 5\Debug\CL.read.1.tlog
F:\домашнее задание 5\домашнее задание 5\Debug\link.read.1.tlog
F:\домашнее задание 5\домашнее задание 5\Debug\link.write.1.tlog
F:\домашнее задание 5\домашнее задание 5\Debug\CL.write.1.tlog
F:\домашнее задание 5\домашнее задание 5\Debug\домашнее задание 5.pch
F:\домашнее задание 5\домашнее задание 5\Debug\vc110.idb
F:\домашнее задание 5\домашнее задание 5\Debug\vc110.pdb
F:\домашнее задание 5\Debug\домашнее задание 5.pdb
F:\домашнее задание 5\Debug\домашнее задание 5.exe
F:\домашнее задание 5\Debug\домашнее задание 5.ilk
