C:\USERS\STUDENT\DOCUMENTS\VISUAL STUDIO 2012\PROJECTS\CONSOLEAPPLICATION17\CONSOLEAPPLICATION17\DEBUG\CONSOLEAPPLICATION17.PCH
C:\USERS\STUDENT\DOCUMENTS\VISUAL STUDIO 2012\PROJECTS\CONSOLEAPPLICATION17\CONSOLEAPPLICATION17\DEBUG\STDAFX.OBJ
C:\USERS\STUDENT\DOCUMENTS\VISUAL STUDIO 2012\PROJECTS\CONSOLEAPPLICATION17\CONSOLEAPPLICATION17\DEBUG\VC110.PDB
C:\USERS\STUDENT\DOCUMENTS\VISUAL STUDIO 2012\PROJECTS\CONSOLEAPPLICATION17\CONSOLEAPPLICATION17\DEBUG\CONSOLEAPPLICATION17.OBJ
C:\USERS\STUDENT\DOCUMENTS\VISUAL STUDIO 2012\PROJECTS\CONSOLEAPPLICATION17\DEBUG\CONSOLEAPPLICATION17.ILK
C:\USERS\STUDENT\DOCUMENTS\VISUAL STUDIO 2012\PROJECTS\CONSOLEAPPLICATION17\DEBUG\CONSOLEAPPLICATION17.EXE
C:\USERS\STUDENT\DOCUMENTS\VISUAL STUDIO 2012\PROJECTS\CONSOLEAPPLICATION17\DEBUG\CONSOLEAPPLICATION17.PDB
c:\Users\Student\documents\visual studio 2012\Projects\ConsoleApplication17\ConsoleApplication17\Debug\ConsoleApplication17.obj
c:\Users\Student\documents\visual studio 2012\Projects\ConsoleApplication17\ConsoleApplication17\Debug\stdafx.obj
c:\Users\Student\documents\visual studio 2012\Projects\ConsoleApplication17\ConsoleApplication17\Debug\cl.command.1.tlog
c:\Users\Student\documents\visual studio 2012\Projects\ConsoleApplication17\ConsoleApplication17\Debug\CL.read.1.tlog
c:\Users\Student\documents\visual studio 2012\Projects\ConsoleApplication17\ConsoleApplication17\Debug\CL.write.1.tlog
c:\Users\Student\documents\visual studio 2012\Projects\ConsoleApplication17\ConsoleApplication17\Debug\link-cvtres.read.1.tlog
c:\Users\Student\documents\visual studio 2012\Projects\ConsoleApplication17\ConsoleApplication17\Debug\link-cvtres.write.1.tlog
c:\Users\Student\documents\visual studio 2012\Projects\ConsoleApplication17\ConsoleApplication17\Debug\link-rc.read.1.tlog
c:\Users\Student\documents\visual studio 2012\Projects\ConsoleApplication17\ConsoleApplication17\Debug\link-rc.write.1.tlog
c:\Users\Student\documents\visual studio 2012\Projects\ConsoleApplication17\ConsoleApplication17\Debug\link.command.1.tlog
c:\Users\Student\documents\visual studio 2012\Projects\ConsoleApplication17\ConsoleApplication17\Debug\link.read.1.tlog
c:\Users\Student\documents\visual studio 2012\Projects\ConsoleApplication17\ConsoleApplication17\Debug\link.write.1.tlog
c:\Users\Student\documents\visual studio 2012\Projects\ConsoleApplication17\ConsoleApplication17\Debug\ConsoleApplication17.pch
c:\Users\Student\documents\visual studio 2012\Projects\ConsoleApplication17\ConsoleApplication17\Debug\vc110.idb
c:\Users\Student\documents\visual studio 2012\Projects\ConsoleApplication17\ConsoleApplication17\Debug\vc110.pdb
c:\users\student\documents\visual studio 2012\Projects\ConsoleApplication17\Debug\ConsoleApplication17.pdb
c:\users\student\documents\visual studio 2012\Projects\ConsoleApplication17\Debug\ConsoleApplication17.exe
c:\users\student\documents\visual studio 2012\Projects\ConsoleApplication17\Debug\ConsoleApplication17.ilk
